Invalid port. Exiting...
1655850460061	geckodriver	INFO	Listening on 127.0.0.1:59911
1655850460237	mozrunner::runner	INFO	Running command: "/Applications/Firefox.app/Contents/MacOS/firefox-bin" "--marionette" "--remote-debugging-port" "59912" "--remote-allow-hosts" "localhost" "-foreground" "-no-remote" "-profile" "/var/folders/lx/y_lg1f5n6r71j2h3xwy0xch80000gn/T/rust_mozprofilejWhZCX"
1655850460640	Marionette	INFO	Marionette enabled
WebDriver BiDi listening on ws://localhost:59912
console.warn: SearchSettings: "get: No settings file exists, new profile?" (new NotFoundError("Could not open the file at /var/folders/lx/y_lg1f5n6r71j2h3xwy0xch80000gn/T/rust_mozprofilejWhZCX/search.json.mozlz4", (void 0)))
console.error: BackgroundUpdate: 
  _reasonsToNotScheduleUpdates: Failed to check for Maintenance Service Registry Key: [Exception... "Component returned failure code: 0x80004001 (NS_ERROR_NOT_IMPLEMENTED) [nsIUpdateProcessor.getServiceRegKeyExists]"  nsresult: "0x80004001 (NS_ERROR_NOT_IMPLEMENTED)"  location: "JS frame :: resource://gre/modules/BackgroundUpdate.jsm :: _reasonsToNotScheduleUpdates :: line 241"  data: no]
1655850461899	Marionette	INFO	Listening on port 59937
DevTools listening on ws://localhost:59912/devtools/browser/d3855471-e082-483e-9dc2-1134f8b14c0f
console.error: services.settings: 
  main/quicksuggest Signature failed  TypeError: NetworkError: Network request failed
Read port: 59937
1655850462002	RemoteAgent	WARN	TLS certificate errors will be ignored for this session
JavaScript warning: https://a.espncdn.com/prod/scripts/analytics/ESPN_at_v2.rs.min.js, line 1: WEBGL_debug_renderer_info is deprecated in Firefox and will be removed. Please use RENDERER.
console.error: services.settings: 
  main/query-stripping Signature failed  [Exception... "Failure"  nsresult: "0x80004005 (NS_ERROR_FAILURE)"  location: "<unknown>"  data: no]
JavaScript error: https://cdn.cookielaw.org/opt-out/otCCPAiab.js, line 484: ReferenceError: OnetrustActiveGroups is not defined
JavaScript warning: https://a.espncdn.com/prod/scripts/analytics/ESPN_at_v2.rs.min.js, line 1: WEBGL_debug_renderer_info is deprecated in Firefox and will be removed. Please use RENDERER.
JavaScript error: https://cdn.cookielaw.org/opt-out/otCCPAiab.js, line 484: ReferenceError: OnetrustActiveGroups is not defined
JavaScript error: https://cdn.cookielaw.org/opt-out/otCCPAiab.js, line 484: ReferenceError: OnetrustActiveGroups is not defined
JavaScript warning: https://a.espncdn.com/prod/scripts/analytics/ESPN_at_v2.rs.min.js, line 1: WEBGL_debug_renderer_info is deprecated in Firefox and will be removed. Please use RENDERER.
JavaScript warning: https://a.espncdn.com/prod/scripts/moat/yield.js, line 186: WEBGL_debug_renderer_info is deprecated in Firefox and will be removed. Please use RENDERER.
1655850466349	Marionette	INFO	Stopped listening on port 59937

###!!! [Parent][PImageBridgeParent] Error: RunMessage(msgname=PImageBridge::Msg_WillClose) Channel closing: too late to send/recv, messages will be lost

1655850480191	geckodriver	INFO	Listening on 127.0.0.1:60087
1655850480199	mozrunner::runner	INFO	Running command: "/Applications/Firefox.app/Contents/MacOS/firefox-bin" "--marionette" "--remote-debugging-port" "60088" "--remote-allow-hosts" "localhost" "-foreground" "-no-remote" "-profile" "/var/folders/lx/y_lg1f5n6r71j2h3xwy0xch80000gn/T/rust_mozprofileYSFj5R"
1655850480502	Marionette	INFO	Marionette enabled
WebDriver BiDi listening on ws://localhost:60088
console.warn: SearchSettings: "get: No settings file exists, new profile?" (new NotFoundError("Could not open the file at /var/folders/lx/y_lg1f5n6r71j2h3xwy0xch80000gn/T/rust_mozprofileYSFj5R/search.json.mozlz4", (void 0)))
console.error: BackgroundUpdate: 
  _reasonsToNotScheduleUpdates: Failed to check for Maintenance Service Registry Key: [Exception... "Component returned failure code: 0x80004001 (NS_ERROR_NOT_IMPLEMENTED) [nsIUpdateProcessor.getServiceRegKeyExists]"  nsresult: "0x80004001 (NS_ERROR_NOT_IMPLEMENTED)"  location: "JS frame :: resource://gre/modules/BackgroundUpdate.jsm :: _reasonsToNotScheduleUpdates :: line 241"  data: no]
1655850481587	Marionette	INFO	Listening on port 60107
DevTools listening on ws://localhost:60088/devtools/browser/a80e2839-dffd-48bf-b9ec-c3ae7115e138
Read port: 60107
1655850481641	RemoteAgent	WARN	TLS certificate errors will be ignored for this session
JavaScript warning: https://a.espncdn.com/prod/scripts/analytics/ESPN_at_v2.rs.min.js, line 1: WEBGL_debug_renderer_info is deprecated in Firefox and will be removed. Please use RENDERER.
console.error: services.settings: 
  main/quicksuggest Signature failed  [Exception... "Failure"  nsresult: "0x80004005 (NS_ERROR_FAILURE)"  location: "<unknown>"  data: no]
console.error: services.settings: 
  main/query-stripping Signature failed  [Exception... "Failure"  nsresult: "0x80004005 (NS_ERROR_FAILURE)"  location: "<unknown>"  data: no]
JavaScript warning: https://a.espncdn.com/prod/scripts/moat/yield.js, line 186: WEBGL_debug_renderer_info is deprecated in Firefox and will be removed. Please use RENDERER.
JavaScript warning: https://a.espncdn.com/prod/scripts/analytics/ESPN_at_v2.rs.min.js, line 1: WEBGL_debug_renderer_info is deprecated in Firefox and will be removed. Please use RENDERER.
JavaScript error: https://cdn.cookielaw.org/opt-out/otCCPAiab.js, line 484: ReferenceError: OnetrustActiveGroups is not defined
JavaScript warning: https://a.espncdn.com/prod/scripts/moat/yield.js, line 186: WEBGL_debug_renderer_info is deprecated in Firefox and will be removed. Please use RENDERER.
JavaScript error: https://cdn.cookielaw.org/opt-out/otCCPAiab.js, line 484: ReferenceError: OnetrustActiveGroups is not defined
JavaScript warning: https://a.espncdn.com/prod/scripts/analytics/ESPN_at_v2.rs.min.js, line 1: WEBGL_debug_renderer_info is deprecated in Firefox and will be removed. Please use RENDERER.
JavaScript warning: https://a.espncdn.com/prod/scripts/moat/yield.js, line 186: WEBGL_debug_renderer_info is deprecated in Firefox and will be removed. Please use RENDERER.
1655850487170	Marionette	INFO	Stopped listening on port 60107

###!!! [Child][PContentChild] Error: Send(msgname=PHttpChannel::Msg_DeletingChannel) Channel closing: too late to send/recv, messages will be lost


###!!! [Parent][PContentParent] Error: Send(msgname=PContent::Reply_DiscardBrowsingContext) Closed channel: cannot send/recv


###!!! [Child][PContentChild] Error: RunMessage(msgname=PHttpChannel::Msg_FailedAsyncOpen) Channel closing: too late to send/recv, messages will be lost


###!!! [Parent][PContentParent] Error: Send(msgname=PContent::Reply_DiscardBrowsingContext) Closed channel: cannot send/recv


###!!! [Parent][PContentParent] Error: Send(msgname=PContent::Reply_DiscardBrowsingContext) Closed channel: cannot send/recv


###!!! [Parent][PContentParent] Error: Send(msgname=PContent::Reply_DiscardBrowsingContext) Closed channel: cannot send/recv


###!!! [Parent][PContentParent] Error: Send(msgname=PContent::Reply_DiscardBrowsingContext) Closed channel: cannot send/recv


###!!! [Parent][PContentParent] Error: Send(msgname=PContent::Reply_DiscardBrowsingContext) Closed channel: cannot send/recv


###!!! [Child][PContentChild] Error: RunMessage(msgname=PContent::Msg_DiscardBrowsingContext) Channel closing: too late to send/recv, messages will be lost


###!!! [Child][PContentChild] Error: RunMessage(msgname=PContent::Msg_DiscardBrowsingContext) Channel closing: too late to send/recv, messages will be lost


###!!! [Child][PContentChild] Error: RunMessage(msgname=PContent::Msg_DiscardBrowsingContext) Channel closing: too late to send/recv, messages will be lost


###!!! [Child][PContentChild] Error: RunMessage(msgname=PContent::Msg_DiscardBrowsingContext) Channel closing: too late to send/recv, messages will be lost


###!!! [Child][PContentChild] Error: RunMessage(msgname=PContent::Msg_DiscardBrowsingContext) Channel closing: too late to send/recv, messages will be lost


###!!! [Child][PContentChild] Error: RunMessage(msgname=PContent::Msg_DiscardBrowsingContext) Channel closing: too late to send/recv, messages will be lost


###!!! [Child][PContentChild] Error: RunMessage(msgname=PContent::Reply_DiscardBrowsingContext) Channel closing: too late to send/recv, messages will be lost


###!!! [Child][PContentChild] Error: RunMessage(msgname=PHttpChannel::Msg_DeleteSelf) Channel closing: too late to send/recv, messages will be lost


###!!! [Child][PContentChild] Error: RunMessage(msgname=PHttpChannel::Msg_DeleteSelf) Channel closing: too late to send/recv, messages will be lost


###!!! [Child][PContentChild] Error: Send(msgname=PContent::Msg_ScriptError) Channel closing: too late to send/recv, messages will be lost


###!!! [Child][PContentChild] Error: RunMessage(msgname=PHttpChannel::Msg_DeleteSelf) Channel closing: too late to send/recv, messages will be lost


###!!! [Child][PContentChild] Error: Send(msgname=PContent::Msg_ScriptError) Channel closing: too late to send/recv, messages will be lost


###!!! [Child][PContentChild] Error: RunMessage(msgname=PHttpChannel::Msg_DeleteSelf) Channel closing: too late to send/recv, messages will be lost


###!!! [Child][PContentChild] Error: Send(msgname=PContent::Msg_ScriptError) Channel closing: too late to send/recv, messages will be lost


###!!! [Parent][PContentParent] Error: Send(msgname=PContent::Msg_DestroyBrowsingContextGroup) Closed channel: cannot send/recv


###!!! [Parent][PImageBridgeParent] Error: RunMessage(msgname=PImageBridge::Msg_WillClose) Channel closing: too late to send/recv, messages will be lost

1655851630915	geckodriver	INFO	Listening on 127.0.0.1:61922
1655851631418	mozrunner::runner	INFO	Running command: "/Applications/Firefox.app/Contents/MacOS/firefox-bin" "--marionette" "--remote-debugging-port" "61923" "--remote-allow-hosts" "localhost" "-foreground" "-no-remote" "-profile" "/var/folders/lx/y_lg1f5n6r71j2h3xwy0xch80000gn/T/rust_mozprofilesUH1iq"
1655851631797	Marionette	INFO	Marionette enabled
WebDriver BiDi listening on ws://localhost:61923
console.warn: SearchSettings: "get: No settings file exists, new profile?" (new NotFoundError("Could not open the file at /var/folders/lx/y_lg1f5n6r71j2h3xwy0xch80000gn/T/rust_mozprofilesUH1iq/search.json.mozlz4", (void 0)))
console.error: BackgroundUpdate: 
  _reasonsToNotScheduleUpdates: Failed to check for Maintenance Service Registry Key: [Exception... "Component returned failure code: 0x80004001 (NS_ERROR_NOT_IMPLEMENTED) [nsIUpdateProcessor.getServiceRegKeyExists]"  nsresult: "0x80004001 (NS_ERROR_NOT_IMPLEMENTED)"  location: "JS frame :: resource://gre/modules/BackgroundUpdate.jsm :: _reasonsToNotScheduleUpdates :: line 241"  data: no]
1655851633382	Marionette	INFO	Listening on port 61954
DevTools listening on ws://localhost:61923/devtools/browser/12e12e1c-e6ba-47f6-bb0b-e6216cba7fb0
Read port: 61954
1655851633408	RemoteAgent	WARN	TLS certificate errors will be ignored for this session
console.error: services.settings: 
  main/quicksuggest Signature failed  [Exception... "Failure"  nsresult: "0x80004005 (NS_ERROR_FAILURE)"  location: "<unknown>"  data: no]
console.error: services.settings: 
  main/query-stripping Signature failed  [Exception... "Failure"  nsresult: "0x80004005 (NS_ERROR_FAILURE)"  location: "<unknown>"  data: no]
JavaScript warning: https://a.espncdn.com/prod/scripts/analytics/ESPN_at_v2.rs.min.js, line 1: WEBGL_debug_renderer_info is deprecated in Firefox and will be removed. Please use RENDERER.
JavaScript error: https://cdn.cookielaw.org/opt-out/otCCPAiab.js, line 484: ReferenceError: OnetrustActiveGroups is not defined
console.error: services.settings: 
  Message: TypeError: NetworkError: Network request failed
  Stack:
    fetch/</request.onerror@resource://services-settings/Utils.jsm:153:26

console.error: services.settings: 
  blocklists/addons-bloomfilters Signature failed  TypeError: NetworkError: Network request failed
console.error: services.settings: 
  Message: TypeError: NetworkError: Network request failed
  Stack:
    fetch/</request.onerror@resource://services-settings/Utils.jsm:153:26

console.error: services.settings: 
  main/doh-config Signature failed  TypeError: NetworkError: Network request failed
console.error: services.settings: 
  Message: TypeError: NetworkError: Network request failed
  Stack:
    fetch/</request.onerror@resource://services-settings/Utils.jsm:153:26

console.error: services.settings: 
  main/normandy-recipes-capabilities Signature failed  TypeError: NetworkError: Network request failed
console.error: services.settings: 
  Message: TypeError: NetworkError: Network request failed
  Stack:
    fetch/</request.onerror@resource://services-settings/Utils.jsm:153:26

console.error: services.settings: 
  Message: TypeError: NetworkError: Network request failed
  Stack:
    fetch/</request.onerror@resource://services-settings/Utils.jsm:153:26

console.error: services.settings: 
  Message: TypeError: NetworkError: Network request failed
  Stack:
    fetch/</request.onerror@resource://services-settings/Utils.jsm:153:26

console.error: services.settings: 
  main/pioneer-study-addons-v1 Signature failed  TypeError: NetworkError: Network request failed
console.error: services.settings: 
  Message: TypeError: NetworkError: Network request failed
  Stack:
    fetch/</request.onerror@resource://services-settings/Utils.jsm:153:26

console.error: services.settings: 
  main/addons-manager-settings Signature failed  TypeError: NetworkError: Network request failed
console.error: services.settings: 
  Message: TypeError: NetworkError: Network request failed
  Stack:
    fetch/</request.onerror@resource://services-settings/Utils.jsm:153:26

console.error: services.settings: 
  Message: TypeError: NetworkError: Network request failed
  Stack:
    fetch/</request.onerror@resource://services-settings/Utils.jsm:153:26

console.error: services.settings: 
  Message: TypeError: NetworkError: Network request failed
  Stack:
    fetch/</request.onerror@resource://services-settings/Utils.jsm:153:26

console.error: services.settings: 
  main/doh-providers Signature failed  TypeError: NetworkError: Network request failed
console.error: services.settings: 
  Message: TypeError: NetworkError: Network request failed
  Stack:
    fetch/</request.onerror@resource://services-settings/Utils.jsm:153:26

console.error: services.settings: 
  Message: TypeError: NetworkError: Network request failed
  Stack:
    fetch/</request.onerror@resource://services-settings/Utils.jsm:153:26

console.error: services.settings: 
  Message: TypeError: NetworkError: Network request failed
  Stack:
    fetch/</request.onerror@resource://services-settings/Utils.jsm:153:26

1655919894917	Marionette	INFO	Stopped listening on port 61954
console.warn: TopSitesFeed: Failed to fetch data from Contile server: NetworkError when attempting to fetch resource.
